<?xml version="1.0" encoding="UTF-8"?>
<!-- Generated by org.testng.reporters.JUnitXMLReporter -->
<testsuite ignored="0" hostname="DC5CG138867R" failures="0" tests="6" name="Default test" time="7.843" errors="0" timestamp="2022-03-28T11:40:29 NZDT">
  <testcase classname="files.DynamicJson" name="addBook" time="3.356"/>
  <testcase classname="files.DynamicJson" name="addBook" time="0.881"/>
  <testcase classname="files.DynamicJson" name="addBook" time="0.917"/>
  <testcase classname="files.DynamicJson" name="deleteBook" time="0.904"/>
  <testcase classname="files.DynamicJson" name="deleteBook" time="0.919"/>
  <testcase classname="files.DynamicJson" name="deleteBook" time="0.803"/>
</testsuite> <!-- Default test -->
