<?xml version="1.0" encoding="UTF-8"?>
<testng-results ignored="0" total="1" passed="1" failed="0" skipped="0">
  <reporter-output>
  </reporter-output>
  <suite started-at="2022-03-30T09:55:06 NZDT" name="Default suite" finished-at="2022-03-30T09:55:07 NZDT" duration-ms="1049">
    <groups>
    </groups>
    <test started-at="2022-03-30T09:55:06 NZDT" name="Default test" finished-at="2022-03-30T09:55:07 NZDT" duration-ms="1049">
      <class name="SumValidation">
        <test-method signature="sumOfCourses()[pri:0, instance:SumValidation@223aa2f7]" started-at="2022-03-30T09:55:06 NZDT" name="sumOfCourses" finished-at="2022-03-30T09:55:07 NZDT" duration-ms="1024" status="PASS">
          <reporter-output>
          </reporter-output>
        </test-method> <!-- sumOfCourses -->
      </class> <!-- SumValidation -->
    </test> <!-- Default test -->
  </suite> <!-- Default suite -->
</testng-results>
