<?xml version="1.0" encoding="UTF-8"?>
<testng-results ignored="0" total="6" passed="6" failed="0" skipped="0">
  <reporter-output>
  </reporter-output>
  <suite started-at="2022-03-28T11:40:21 NZDT" name="Default suite" finished-at="2022-03-28T11:40:29 NZDT" duration-ms="7843">
    <groups>
    </groups>
    <test started-at="2022-03-28T11:40:21 NZDT" name="Default test" finished-at="2022-03-28T11:40:29 NZDT" duration-ms="7843">
      <class name="files.DynamicJson">
        <test-method signature="addBook(java.lang.String,java.lang.String)[pri:0, instance:files.DynamicJson@793be5ca]" started-at="2022-03-28T11:40:21 NZDT" name="addBook" data-provider="BooksData" finished-at="2022-03-28T11:40:25 NZDT" duration-ms="3356" status="PASS">
          <params>
            <param index="0">
              <value>
                <![CDATA[okljhd]]>
              </value>
            </param>
            <param index="1">
              <value>
                <![CDATA[8959]]>
              </value>
            </param>
          </params>
          <reporter-output>
          </reporter-output>
        </test-method> <!-- addBook -->
        <test-method signature="addBook(java.lang.String,java.lang.String)[pri:0, instance:files.DynamicJson@793be5ca]" started-at="2022-03-28T11:40:25 NZDT" name="addBook" data-provider="BooksData" finished-at="2022-03-28T11:40:26 NZDT" duration-ms="881" status="PASS">
          <params>
            <param index="0">
              <value>
                <![CDATA[dfghjf]]>
              </value>
            </param>
            <param index="1">
              <value>
                <![CDATA[3256]]>
              </value>
            </param>
          </params>
          <reporter-output>
          </reporter-output>
        </test-method> <!-- addBook -->
        <test-method signature="addBook(java.lang.String,java.lang.String)[pri:0, instance:files.DynamicJson@793be5ca]" started-at="2022-03-28T11:40:26 NZDT" name="addBook" data-provider="BooksData" finished-at="2022-03-28T11:40:26 NZDT" duration-ms="917" status="PASS">
          <params>
            <param index="0">
              <value>
                <![CDATA[lkjhui]]>
              </value>
            </param>
            <param index="1">
              <value>
                <![CDATA[4896]]>
              </value>
            </param>
          </params>
          <reporter-output>
          </reporter-output>
        </test-method> <!-- addBook -->
        <test-method signature="deleteBook(java.lang.String,java.lang.String)[pri:0, instance:files.DynamicJson@793be5ca]" started-at="2022-03-28T11:40:26 NZDT" name="deleteBook" data-provider="BooksData" finished-at="2022-03-28T11:40:27 NZDT" duration-ms="904" status="PASS">
          <params>
            <param index="0">
              <value>
                <![CDATA[okljhd]]>
              </value>
            </param>
            <param index="1">
              <value>
                <![CDATA[8959]]>
              </value>
            </param>
          </params>
          <reporter-output>
          </reporter-output>
        </test-method> <!-- deleteBook -->
        <test-method signature="deleteBook(java.lang.String,java.lang.String)[pri:0, instance:files.DynamicJson@793be5ca]" started-at="2022-03-28T11:40:27 NZDT" name="deleteBook" data-provider="BooksData" finished-at="2022-03-28T11:40:28 NZDT" duration-ms="919" status="PASS">
          <params>
            <param index="0">
              <value>
                <![CDATA[dfghjf]]>
              </value>
            </param>
            <param index="1">
              <value>
                <![CDATA[3256]]>
              </value>
            </param>
          </params>
          <reporter-output>
          </reporter-output>
        </test-method> <!-- deleteBook -->
        <test-method signature="deleteBook(java.lang.String,java.lang.String)[pri:0, instance:files.DynamicJson@793be5ca]" started-at="2022-03-28T11:40:28 NZDT" name="deleteBook" data-provider="BooksData" finished-at="2022-03-28T11:40:29 NZDT" duration-ms="803" status="PASS">
          <params>
            <param index="0">
              <value>
                <![CDATA[lkjhui]]>
              </value>
            </param>
            <param index="1">
              <value>
                <![CDATA[4896]]>
              </value>
            </param>
          </params>
          <reporter-output>
          </reporter-output>
        </test-method> <!-- deleteBook -->
      </class> <!-- files.DynamicJson -->
    </test> <!-- Default test -->
  </suite> <!-- Default suite -->
</testng-results>
