<?xml version="1.0" encoding="UTF-8"?>
<testng-results ignored="0" total="1" passed="1" failed="0" skipped="0">
  <reporter-output>
  </reporter-output>
  <suite started-at="2022-03-23T15:32:00 NZDT" name="Default suite" finished-at="2022-03-23T15:32:01 NZDT" duration-ms="1457">
    <groups>
    </groups>
    <test started-at="2022-03-23T15:32:00 NZDT" name="Default test" finished-at="2022-03-23T15:32:01 NZDT" duration-ms="1457">
      <class name="TC001_Get_Request">
        <test-method signature="getUserDetails()[pri:0, instance:TC001_Get_Request@3d5c822d]" started-at="2022-03-23T15:32:00 NZDT" name="getUserDetails" finished-at="2022-03-23T15:32:01 NZDT" duration-ms="1434" status="PASS">
          <reporter-output>
          </reporter-output>
        </test-method> <!-- getUserDetails -->
      </class> <!-- TC001_Get_Request -->
    </test> <!-- Default test -->
  </suite> <!-- Default suite -->
</testng-results>
